{
  "RSpec": {
    "coverage": {
      "/Users/rchampourlier/Dev/job_tomate/config/boot.rb": [
        null,
        1,
        1,
        null,
        1,
        1,
        null,
        1,
        0,
        0,
        null,
        null,
        1,
        null,
        1,
        1,
        1,
        null,
        1,
        1
      ],
      "/Users/rchampourlier/Dev/job_tomate/config/mongo.rb": [
        1,
        null,
        1,
        1,
        null,
        1,
        1,
        1
      ],
      "/Users/rchampourlier/Dev/job_tomate/lib/job_tomate.rb": [
        1,
        1,
        null
      ],
      "/Users/rchampourlier/Dev/job_tomate/lib/job_tomate/data/user.rb": [
        1,
        null,
        1,
        1,
        1,
        1,
        1,
        null,
        1,
        null,
        1,
        1,
        1,
        1,
        1,
        null,
        null,
        null
      ],
      "/Users/rchampourlier/Dev/job_tomate/lib/job_tomate/data/toggl_entry.rb": [
        1,
        1,
        null,
        1,
        1,
        null,
        null,
        null,
        null,
        null,
        null,
        null,
        null,
        1,
        1,
        1,
        null,
        1,
        null,
        1,
        1,
        1,
        null,
        null,
        null
      ],
      "/Users/rchampourlier/Dev/job_tomate/lib/job_tomate/data/webhook_payload.rb": [
        1,
        1,
        null,
        1,
        1,
        null,
        null,
        1,
        1,
        1,
        null,
        1,
        1,
        null,
        1,
        1,
        null,
        null,
        null
      ],
      "/Users/rchampourlier/Dev/job_tomate/lib/job_tomate/commands/slack/send_message.rb": [
        1,
        1,
        1,
        null,
        1,
        1,
        1,
        null,
        null,
        null,
        null,
        1,
        1,
        1,
        1,
        1,
        null,
        null,
        null,
        null,
        null,
        null,
        null,
        null,
        null,
        1,
        null,
        null,
        null,
        null,
        null,
        1,
        null,
        1,
        1,
        1,
        null,
        0,
        null,
        null,
        null,
        null,
        null,
        1,
        1,
        null,
        null,
        null,
        null,
        1,
        1,
        null,
        null,
        1,
        1,
        null,
        null,
        null,
        1,
        null,
        null,
        null,
        null,
        null,
        null,
        null,
        null
      ],
      "/Users/rchampourlier/Dev/job_tomate/lib/job_tomate/web.rb": [
        1,
        null,
        1,
        null,
        null,
        null,
        null,
        null,
        null,
        null,
        null,
        1,
        1,
        1,
        null,
        null
      ],
      "/Users/rchampourlier/Dev/job_tomate/lib/job_tomate/web/root.rb": [
        1,
        null,
        1,
        null,
        null,
        1,
        1,
        1,
        null,
        null,
        null
      ],
      "/Users/rchampourlier/Dev/job_tomate/lib/job_tomate/web/webhooks.rb": [
        1,
        1,
        null,
        1,
        null,
        null,
        null,
        null,
        null,
        null,
        null,
        null,
        null,
        null,
        null,
        null,
        null,
        null,
        null,
        null,
        null,
        null,
        null,
        null,
        null,
        null,
        null,
        null,
        null,
        null,
        null,
        1,
        1,
        null,
        1,
        1,
        1,
        2,
        2,
        2,
        2,
        2,
        null,
        null,
        null,
        null
      ],
      "/Users/rchampourlier/Dev/job_tomate/lib/job_tomate/web/webhooks/github/pull_request.rb": [
        1,
        1,
        1,
        null,
        null,
        null,
        null,
        null,
        null,
        null,
        1,
        1,
        1,
        1,
        1,
        1,
        null,
        1,
        1,
        1,
        null,
        1,
        null,
        null,
        null,
        null,
        null,
        null,
        null
      ],
      "/Users/rchampourlier/Dev/job_tomate/lib/job_tomate/web/webhooks/jira.rb": [
        1,
        1,
        null,
        null,
        null,
        null,
        1,
        1,
        1,
        1,
        1,
        1,
        null,
        1,
        1,
        1,
        null,
        1,
        null,
        null,
        null,
        null,
        null,
        null
      ],
      "/Users/rchampourlier/Dev/job_tomate/lib/job_tomate/workflows/github/process_webhook.rb": [
        1,
        1,
        null,
        1,
        1,
        1,
        null,
        null,
        1,
        null,
        null,
        null,
        null,
        null,
        1,
        1,
        null,
        null,
        null,
        null,
        1,
        1,
        1,
        1,
        null,
        null,
        null,
        null,
        null,
        null,
        1,
        1,
        0,
        0,
        null,
        0,
        null,
        1,
        1,
        null,
        null,
        null,
        1,
        1,
        1,
        null,
        null,
        1,
        2,
        null,
        null,
        1,
        0,
        null,
        null,
        1,
        0,
        null,
        null,
        1,
        1,
        null,
        null,
        null,
        null,
        null
      ],
      "/Users/rchampourlier/Dev/job_tomate/lib/job_tomate/commands/jira/add_comment.rb": [
        1,
        null,
        1,
        1,
        1,
        null,
        null,
        1,
        1,
        1,
        null,
        null,
        null,
        null,
        null
      ],
      "/Users/rchampourlier/Dev/job_tomate/lib/job_tomate/commands/jira/support/client.rb": [
        1,
        1,
        1,
        null,
        1,
        1,
        1,
        null,
        null,
        null,
        null,
        null,
        1,
        1,
        1,
        1,
        null,
        null,
        null,
        1,
        0,
        null,
        null,
        null,
        null,
        null,
        null,
        null,
        0,
        0,
        0,
        null,
        0,
        0,
        null,
        null,
        null,
        1,
        1,
        null,
        null,
        null,
        1,
        1,
        1,
        1,
        null,
        0,
        0,
        null,
        null,
        null,
        1,
        0,
        0,
        0,
        null,
        null,
        0,
        null,
        null,
        null,
        null,
        0,
        0,
        0,
        null,
        0,
        0,
        null,
        null,
        null,
        null,
        null,
        1,
        0,
        null,
        0,
        null,
        null,
        null,
        0,
        null,
        0,
        null,
        null,
        null,
        null,
        0,
        0,
        null,
        null,
        null,
        null,
        null,
        null,
        null,
        1,
        1,
        1,
        1,
        null,
        0,
        0,
        null,
        null,
        null,
        null,
        null,
        null
      ],
      "/Users/rchampourlier/Dev/job_tomate/lib/job_tomate/workflows/jira/process_webhook.rb": [
        1,
        4,
        null,
        1,
        1,
        1,
        1,
        null,
        null,
        null,
        null,
        null,
        null,
        null,
        null,
        null,
        null,
        null,
        null,
        1,
        0,
        null,
        null,
        null,
        null,
        null,
        1,
        0,
        null,
        0,
        null,
        null,
        1,
        0,
        0,
        null,
        0,
        0,
        null,
        null,
        null,
        null,
        null,
        null
      ],
      "/Users/rchampourlier/Dev/job_tomate/lib/job_tomate/workflows/jira/rules/comments.rb": [
        1,
        1,
        1,
        null,
        1,
        1,
        1,
        1,
        null,
        null,
        null,
        1,
        1,
        null,
        1,
        7,
        null,
        null,
        null,
        null,
        null,
        null,
        1,
        7,
        6,
        6,
        null,
        5,
        5,
        null,
        5,
        5,
        4,
        4,
        3,
        null,
        null,
        null,
        null,
        null,
        null,
        null,
        null,
        1,
        10,
        null,
        5,
        5,
        null,
        null,
        null,
        null,
        null,
        null,
        null,
        null,
        1,
        5,
        5,
        4,
        null,
        5,
        null,
        null,
        null,
        null,
        null,
        null
      ],
      "/Users/rchampourlier/Dev/job_tomate/lib/job_tomate/workflows/jira/helpers.rb": [
        1,
        1,
        1,
        null,
        1,
        1,
        1,
        null,
        null,
        null,
        null,
        null,
        null,
        null,
        null,
        null,
        1,
        null,
        1,
        1,
        null,
        1,
        1,
        null,
        1,
        null,
        null,
        null,
        1,
        20,
        null,
        null,
        null,
        null,
        null,
        null,
        null,
        null,
        null,
        null,
        null,
        null,
        null,
        1,
        null,
        null,
        null,
        null,
        null,
        null,
        null,
        null,
        0,
        null,
        null,
        1,
        3,
        null,
        null,
        1,
        22,
        null,
        null,
        1,
        10,
        null,
        null,
        1,
        6,
        null,
        0,
        null,
        null,
        1,
        27,
        null,
        null,
        null,
        null,
        1,
        20,
        null,
        null,
        null,
        null,
        1,
        7,
        null,
        null,
        null,
        null,
        null,
        1,
        0,
        null,
        null,
        null,
        null,
        1,
        12,
        null,
        12,
        12,
        5,
        5,
        null,
        null,
        14,
        7,
        7,
        null,
        null,
        null,
        1,
        5,
        null,
        null,
        1,
        0,
        null,
        null,
        1,
        0,
        null,
        0,
        0,
        null,
        0,
        null,
        null,
        null,
        null,
        1,
        3,
        null,
        null,
        null,
        null,
        null
      ],
      "/Users/rchampourlier/Dev/job_tomate/lib/job_tomate/commands/jira/search_issues.rb": [
        1,
        null,
        1,
        1,
        1,
        null,
        null,
        null,
        1,
        1,
        1,
        1,
        null,
        1,
        20,
        null,
        null,
        null,
        null,
        null,
        null,
        null,
        null,
        null,
        null,
        null,
        null,
        null
      ],
      "/Users/rchampourlier/Dev/job_tomate/lib/job_tomate/workflows/jira/rules/maintenance_alerts.rb": [
        1,
        1,
        1,
        null,
        1,
        1,
        1,
        1,
        null,
        null,
        null,
        null,
        null,
        null,
        null,
        1,
        1,
        null,
        1,
        null,
        null,
        null,
        null,
        1,
        null,
        null,
        null,
        null,
        1,
        null,
        null,
        null,
        null,
        null,
        1,
        null,
        null,
        null,
        null,
        null,
        null,
        null,
        null,
        null,
        1,
        10,
        10,
        null,
        null,
        null,
        null,
        null,
        null,
        null,
        1,
        10,
        null,
        10,
        10,
        null,
        4,
        4,
        null,
        4,
        null,
        null,
        null,
        null,
        null,
        1,
        10,
        6,
        1,
        1,
        null,
        null,
        null,
        null,
        null,
        null,
        null,
        null,
        1,
        10,
        null,
        10,
        7,
        7,
        null,
        null,
        3,
        1,
        1,
        null,
        null,
        null,
        null,
        null,
        null,
        null,
        null,
        null,
        1,
        7,
        7,
        null,
        9,
        null,
        null,
        null,
        1,
        20,
        20,
        0,
        null,
        null,
        20,
        20,
        20,
        null,
        null,
        null,
        null,
        null,
        1,
        55,
        23,
        null,
        null,
        null,
        null,
        null,
        null
      ],
      "/Users/rchampourlier/Dev/job_tomate/lib/job_tomate/workflows/jira/rules/people.rb": [
        1,
        1,
        1,
        null,
        1,
        1,
        1,
        1,
        null,
        null,
        null,
        null,
        1,
        1,
        null,
        null,
        1,
        3,
        3,
        null,
        null,
        null,
        null,
        1,
        3,
        3,
        3,
        3,
        3,
        null,
        null,
        0,
        0,
        null,
        0,
        0,
        0,
        0,
        null,
        null,
        0,
        0,
        0,
        0,
        null,
        null,
        0,
        0,
        null,
        null,
        null,
        null,
        null,
        null,
        null,
        null,
        1,
        3,
        null,
        2,
        2,
        2,
        1,
        1,
        null,
        null,
        1,
        null,
        null,
        1,
        null,
        1,
        0,
        0,
        null,
        0,
        0,
        0,
        0,
        0,
        null,
        0,
        0,
        0,
        0,
        0,
        null,
        null,
        null,
        0,
        0,
        null,
        null,
        0,
        null,
        0,
        null,
        null,
        0,
        0,
        0,
        0,
        0,
        0,
        null,
        null,
        null,
        0,
        null,
        null,
        null,
        null,
        null,
        null,
        null,
        null,
        null,
        null,
        null,
        null
      ],
      "/Users/rchampourlier/Dev/job_tomate/lib/job_tomate/workflows/toggl/process_reports.rb": [
        1,
        1,
        1,
        1,
        1,
        null,
        1,
        1,
        1,
        null,
        null,
        null,
        null,
        null,
        null,
        null,
        null,
        null,
        null,
        null,
        1,
        null,
        null,
        null,
        null,
        null,
        null,
        null,
        1,
        0,
        0,
        0,
        null,
        null,
        null,
        1,
        5,
        4,
        null,
        3,
        3,
        null,
        1,
        1,
        1,
        null,
        0,
        null,
        null,
        null,
        1,
        3,
        3,
        null,
        3,
        1,
        0,
        null,
        null,
        2,
        2,
        2,
        null,
        null,
        3,
        3,
        3,
        null,
        null,
        null,
        1,
        5,
        null,
        null,
        1,
        4,
        4,
        null,
        null,
        1,
        6,
        null,
        null,
        1,
        1,
        null,
        null,
        1,
        1,
        1,
        null,
        null,
        null,
        null,
        null,
        1,
        2,
        null,
        null,
        1,
        1,
        1,
        1,
        null,
        null,
        1,
        1,
        1,
        1,
        null,
        1,
        0,
        0,
        null,
        null,
        1,
        1,
        1,
        null,
        null,
        null,
        null,
        null,
        null,
        null,
        null,
        1,
        0,
        0,
        null,
        null,
        null,
        null,
        null
      ],
      "/Users/rchampourlier/Dev/job_tomate/lib/job_tomate/commands/jira/add_worklog.rb": [
        1,
        null,
        1,
        1,
        1,
        null,
        null,
        1,
        1,
        0,
        null,
        null,
        null,
        null,
        null
      ],
      "/Users/rchampourlier/Dev/job_tomate/lib/job_tomate/commands/toggl/fetch_reports.rb": [
        1,
        null,
        1,
        1,
        1,
        null,
        null,
        1,
        null,
        null,
        null,
        1,
        0,
        null,
        null,
        null,
        null,
        null
      ],
      "/Users/rchampourlier/Dev/job_tomate/lib/job_tomate/commands/toggl/support/client.rb": [
        1,
        1,
        1,
        null,
        1,
        1,
        1,
        null,
        null,
        1,
        1,
        1,
        1,
        null,
        null,
        null,
        null,
        null,
        null,
        1,
        0,
        0,
        null,
        0,
        null,
        null,
        null,
        null,
        null,
        0,
        0,
        0,
        0,
        null,
        null,
        1,
        0,
        null,
        0,
        null,
        null,
        null,
        0,
        null,
        null,
        null,
        null,
        null,
        0,
        null,
        null,
        null,
        null,
        0,
        null,
        null,
        null,
        null,
        null,
        0,
        0,
        0,
        null,
        0,
        null,
        0,
        null,
        0,
        null,
        null,
        null,
        null,
        null,
        null
      ]
    },
    "timestamp": 1452549218
  }
}
